<?xml version="1.0" encoding="UTF-8"?>
<!-- Generated by org.testng.reporters.JUnitReportReporter -->
<testsuite skipped="0" hostname="DESKTOP-6AO2MKO" name="trulyApi.RestAssure" tests="4" failures="0" timestamp="2020-04-01T12:51:52 CST" time="9.368" errors="0">
  <testcase name="Test3" time="0.247" classname="trulyApi.RestAssure"/>
  <system-out/>
  <testcase name="Test4" time="0.454" classname="trulyApi.RestAssure"/>
  <system-out/>
  <testcase name="Test2" time="3.790" classname="trulyApi.RestAssure"/>
  <system-out/>
  <testcase name="Test1" time="4.877" classname="trulyApi.RestAssure"/>
  <system-out/>
</testsuite> <!-- trulyApi.RestAssure -->
