<?xml version="1.0" encoding="UTF-8"?>
<!-- Generated by org.testng.reporters.JUnitReportReporter -->
<testsuite skipped="0" hostname="DESKTOP-6AO2MKO" name="testRunners.ApiRunner" tests="1" failures="0" timestamp="2020-04-01T10:57:17 CST" time="0.231" errors="0">
  <testcase name="runScenario" time="0.231" classname="testRunners.ApiRunner"/>
  <system-out/>
</testsuite> <!-- testRunners.ApiRunner -->
